<?xml version="1.0" encoding="UTF-8"?>
<!-- Generated by org.testng.reporters.JUnitXMLReporter -->
<testsuite hostname="DESKTOP-J6F4TA8" ignored="0" name="Test" tests="4" failures="0" timestamp="2020-09-29T12:14:52 IST" time="15.243" errors="0">
  <testcase name="test1" time="6.826" classname="PostData.data"/>
  <testcase name="modifydata" time="3.983" classname="PutData.put"/>
  <testcase name="testResponseCode" time="2.557" classname="GetData.data"/>
  <testcase name="testBody" time="1.798" classname="GetData.data"/>
</testsuite> <!-- Test -->
