<?xml version="1.0" encoding="UTF-8"?>
<!-- Generated by org.testng.reporters.JUnitXMLReporter -->
<testsuite hostname="DESKTOP-J6F4TA8" ignored="0" name="Test" tests="4" failures="0" timestamp="2020-09-29T16:29:20 IST" time="7.528" errors="0">
  <testcase name="test1" time="4.783" classname="PostData.data"/>
  <testcase name="modifydata" time="0.615" classname="PutData.put"/>
  <testcase name="testResponseCode" time="1.114" classname="GetData.data"/>
  <testcase name="testBody" time="0.961" classname="GetData.data"/>
</testsuite> <!-- Test -->
