<?xml version="1.0" encoding="UTF-8"?>
<testsuite xmlns:xsi="http://www.w3.org/2001/XMLSchema-instance" xsi:noNamespaceSchemaLocation="https://maven.apache.org/surefire/maven-surefire-plugin/xsd/surefire-test-report-3.0.xsd" version="3.0" name="TestSuite" time="8.704" tests="4" errors="0" skipped="0" failures="0">
  <properties>
[...]
</properties>
  <testcase name="test1" classname="PostData.data" time="4.785"/>
  <testcase name="modifydata" classname="PutData.put" time="0.624"/>
  <testcase name="testResponseCode" classname="GetData.data" time="1.109"/>
  <testcase name="testBody" classname="GetData.data" time="0.97"/>
</testsuite>