<?xml version="1.0" encoding="UTF-8"?>
<testng-results skipped="0" failed="0" ignored="0" total="4" passed="4">
  <reporter-output>
  </reporter-output>
  <suite name="Suite" duration-ms="7528" started-at="2020-09-29T16:29:13 IST" finished-at="2020-09-29T16:29:20 IST">
    <groups>
    </groups>
    <test name="Test" duration-ms="7528" started-at="2020-09-29T16:29:13 IST" finished-at="2020-09-29T16:29:20 IST">
      <class name="PostData.data">
        <test-method status="PASS" signature="test1()[pri:1, instance:PostData.data@6fd02e5]" name="test1" duration-ms="4783" started-at="2020-09-29T16:29:13 IST" finished-at="2020-09-29T16:29:18 IST">
          <reporter-output>
          </reporter-output>
        </test-method> <!-- test1 -->
      </class> <!-- PostData.data -->
      <class name="PutData.put">
        <test-method status="PASS" signature="modifydata()[pri:2, instance:PutData.put@5bcab519]" name="modifydata" duration-ms="615" started-at="2020-09-29T16:29:18 IST" finished-at="2020-09-29T16:29:18 IST">
          <reporter-output>
          </reporter-output>
        </test-method> <!-- modifydata -->
      </class> <!-- PutData.put -->
      <class name="GetData.data">
        <test-method status="PASS" signature="testResponseCode()[pri:0, instance:GetData.data@e45f292]" name="testResponseCode" duration-ms="1114" started-at="2020-09-29T16:29:18 IST" finished-at="2020-09-29T16:29:20 IST">
          <reporter-output>
          </reporter-output>
        </test-method> <!-- testResponseCode -->
        <test-method status="PASS" signature="testBody()[pri:3, instance:GetData.data@e45f292]" name="testBody" duration-ms="961" started-at="2020-09-29T16:29:20 IST" finished-at="2020-09-29T16:29:20 IST">
          <reporter-output>
          </reporter-output>
        </test-method> <!-- testBody -->
      </class> <!-- GetData.data -->
    </test> <!-- Test -->
  </suite> <!-- Suite -->
</testng-results>
